<?xml version="1.0" encoding="UTF-8"?>
<!-- Generated by org.testng.reporters.JUnitXMLReporter -->
<testsuite ignored="0" hostname="RUSHIKESH-MG" failures="3" tests="10" name="Test" time="410.651" errors="0" timestamp="2025-12-02T10:19:28 IST">
  <testcase classname="General_Utility.B2" name="@AfterMethod logTestResult" time="218.357">
    <failure type="java.lang.AssertionError" message="Test failed: Dashboard was not found after pressing back 5 times.">
      <![CDATA[java.lang.AssertionError: Test failed: Dashboard was not found after pressing back 5 times.
at General_Utility.B2.logTestResult(B2.java:193)
at java.base/java.util.ArrayList.forEach(ArrayList.java:1541)
... Removed 33 stack frames]]>
    </failure>
  </testcase> <!-- @AfterMethod logTestResult -->
  <testcase classname="General_Utility.B2" name="@BeforeMethod beforeMethod" time="0.0">
    <skipped/>
  </testcase> <!-- @BeforeMethod beforeMethod -->
  <testcase classname="General_Utility.B2" name="@AfterMethod logTestResult" time="0.0">
    <skipped/>
  </testcase> <!-- @AfterMethod logTestResult -->
  <testcase classname="General_Utility.B2" name="@BeforeMethod beforeMethod" time="0.0">
    <skipped/>
  </testcase> <!-- @BeforeMethod beforeMethod -->
  <testcase classname="General_Utility.B2" name="@AfterMethod logTestResult" time="0.0">
    <skipped/>
  </testcase> <!-- @AfterMethod logTestResult -->
  <testcase classname="General_Utility.B2" name="@BeforeMethod beforeMethod" time="0.0">
    <skipped/>
  </testcase> <!-- @BeforeMethod beforeMethod -->
  <testcase classname="General_Utility.B2" name="@AfterMethod logTestResult" time="0.0">
    <skipped/>
  </testcase> <!-- @AfterMethod logTestResult -->
  <testcase classname="General_Utility.B2" name="@BeforeMethod beforeMethod" time="0.0">
    <skipped/>
  </testcase> <!-- @BeforeMethod beforeMethod -->
  <testcase classname="General_Utility.B2" name="@AfterMethod logTestResult" time="0.0">
    <skipped/>
  </testcase> <!-- @AfterMethod logTestResult -->
  <testcase classname="General_Utility.B2" name="@BeforeMethod beforeMethod" time="0.0">
    <skipped/>
  </testcase> <!-- @BeforeMethod beforeMethod -->
  <testcase classname="General_Utility.B2" name="@AfterMethod logTestResult" time="0.0">
    <skipped/>
  </testcase> <!-- @AfterMethod logTestResult -->
  <testcase classname="General_Utility.B2" name="@AfterClass tearDown" time="0.0">
    <skipped/>
  </testcase> <!-- @AfterClass tearDown -->
  <testcase classname="Preventive_Maintenance.ArcadePMTest" name="TC_PM01_VerifyMaintenance_Scheduled_CountOnDashboard" time="6.501"/>
  <testcase classname="Preventive_Maintenance.ArcadePMTest" name="TC_PM02_VerifyMaintenance_OverdueCountOnDashboard" time="5.353"/>
  <testcase classname="Preventive_Maintenance.ArcadePMTest" name="TC_PM03_Maintenance_ListingPage_GlobalSearchFunctionality" time="26.578">
    <failure type="org.openqa.selenium.TimeoutException" message="Expected condition failed: waiting for visibility of Located by By.chained({By.xpath: //android.widget.EditText[@text=&amp;quot;Search&amp;quot;]}) (tried for 10 second(s) with 500 milliseconds interval)">
      <![CDATA[org.openqa.selenium.TimeoutException: Expected condition failed: waiting for visibility of Located by By.chained({By.xpath: //android.widget.EditText[@text="Search"]}) (tried for 10 second(s) with 500 milliseconds interval)
at org.openqa.selenium.support.ui.WebDriverWait.timeoutException(WebDriverWait.java:84)
at org.openqa.selenium.support.ui.FluentWait.until(FluentWait.java:230)
at Preventive_Maintenance.ArcadePMTest.TC_PM03_Maintenance_ListingPage_GlobalSearchFunctionality(ArcadePMTest.java:122)
at java.base/java.util.ArrayList.forEach(ArrayList.java:1541)
Caused by: org.openqa.selenium.NoSuchElementException: Can't locate an element by this strategy: By.chained({By.xpath: //android.widget.EditText[@text="Search"]})
at io.appium.java_client.pagefactory.AppiumElementLocator.findElement(AppiumElementLocator.java:125)
at io.appium.java_client.pagefactory.interceptors.InterceptorOfASingleElement.call(InterceptorOfASingleElement.java:54)
at io.appium.java_client.proxy.Interceptor.intercept(Interceptor.java:75)
at org.openqa.selenium.remote.RemoteWebElement$ByteBuddy$743ETcLK.isDisplayed(Unknown Source)
at org.openqa.selenium.support.ui.ExpectedConditions.elementIfVisible(ExpectedConditions.java:304)
at org.openqa.selenium.support.ui.ExpectedConditions.access$000(ExpectedConditions.java:37)
at org.openqa.selenium.support.ui.ExpectedConditions$10.apply(ExpectedConditions.java:290)
at org.openqa.selenium.support.ui.ExpectedConditions$10.apply(ExpectedConditions.java:287)
at org.openqa.selenium.support.ui.FluentWait.until(FluentWait.java:205)
... 29 more
Caused by: org.openqa.selenium.TimeoutException: Expected condition failed: waiting for io.appium.java_client.pagefactory.AppiumElementLocator$WaitingFunction@10847aeb (tried for 1 second(s) with 500 milliseconds interval)
at org.openqa.selenium.support.ui.FluentWait.timeoutException(FluentWait.java:262)
at org.openqa.selenium.support.ui.FluentWait.until(FluentWait.java:230)
at io.appium.java_client.pagefactory.AppiumElementLocator.waitFor(AppiumElementLocator.java:98)
at io.appium.java_client.pagefactory.AppiumElementLocator.findElement(AppiumElementLocator.java:118)
... 37 more
Caused by: org.openqa.selenium.NoSuchElementException: Cannot locate an element using By.chained({By.xpath: //android.widget.EditText[@text="Search"]})
For documentation on this error, please visit: https://www.selenium.dev/documentation/webdriver/troubleshooting/errors#no-such-element-exception
Build info: version: '4.10.0', revision: 'c14d967899'
System info: os.name: 'Windows 11', os.arch: 'amd64', os.version: '10.0', java.version: '11.0.15.1'
Driver info: driver.version: RemoteWebDriver
at io.appium.java_client.pagefactory.bys.builder.ByChained.findElement(ByChained.java:77)
at org.openqa.selenium.remote.ElementLocation$ElementFinder$1.findElement(ElementLocation.java:139)
at org.openqa.selenium.remote.ElementLocation.findElement(ElementLocation.java:59)
at org.openqa.selenium.remote.RemoteWebDriver.findElement(RemoteWebDriver.java:350)
at org.openqa.selenium.remote.RemoteWebDriver.findElement(RemoteWebDriver.java:344)
at io.appium.java_client.pagefactory.bys.ContentMappedBy.findElement(ContentMappedBy.java:50)
at org.openqa.selenium.remote.ElementLocation$ElementFinder$1.findElement(ElementLocation.java:139)
at org.openqa.selenium.remote.ElementLocation.findElement(ElementLocation.java:59)
at org.openqa.selenium.remote.RemoteWebDriver.findElement(RemoteWebDriver.java:350)
at org.openqa.selenium.remote.RemoteWebDriver.findElement(RemoteWebDriver.java:344)
at io.appium.java_client.pagefactory.AppiumElementLocator.lambda$findElement$0(AppiumElementLocator.java:119)
at io.appium.java_client.pagefactory.AppiumElementLocator$WaitingFunction.apply(AppiumElementLocator.java:171)
at io.appium.java_client.pagefactory.AppiumElementLocator$WaitingFunction.apply(AppiumElementLocator.java:164)
at org.openqa.selenium.support.ui.FluentWait.until(FluentWait.java:205)
... 39 more
... Removed 27 stack frames]]>
    </failure>
  </testcase> <!-- TC_PM03_Maintenance_ListingPage_GlobalSearchFunctionality -->
  <testcase classname="Preventive_Maintenance.ArcadePMTest" name="TC_PM04_SearchOn_Ad_hoc_Page" time="26.029">
    <failure type="org.openqa.selenium.NoSuchElementException" message="Can&amp;apos;t locate an element by this strategy: By.chained({By.xpath: //android.widget.FrameLayout[@resource-id=&amp;quot;android:id/content&amp;quot;]/android.widget.FrameLayout/android.view.ViewGroup/android.view.ViewGroup[2]/android.view.ViewGroup/android.view.ViewGroup/android.widget.FrameLayout/android.view.ViewGroup/android.view.ViewGroup/android.view.ViewGroup/android.view.ViewGroup/android.view.ViewGroup/android.view.ViewGroup[2]/android.view.ViewGroup[3]/android.view.ViewGroup/android.widget.ImageView})">
      <![CDATA[org.openqa.selenium.NoSuchElementException: Can't locate an element by this strategy: By.chained({By.xpath: //android.widget.FrameLayout[@resource-id="android:id/content"]/android.widget.FrameLayout/android.view.ViewGroup/android.view.ViewGroup[2]/android.view.ViewGroup/android.view.ViewGroup/android.widget.FrameLayout/android.view.ViewGroup/android.view.ViewGroup/android.view.ViewGroup/android.view.ViewGroup/android.view.ViewGroup/android.view.ViewGroup[2]/android.view.ViewGroup[3]/android.view.ViewGroup/android.widget.ImageView})
at io.appium.java_client.pagefactory.AppiumElementLocator.findElement(AppiumElementLocator.java:125)
at io.appium.java_client.pagefactory.interceptors.InterceptorOfASingleElement.call(InterceptorOfASingleElement.java:54)
at io.appium.java_client.proxy.Interceptor.intercept(Interceptor.java:75)
at org.openqa.selenium.remote.RemoteWebElement$ByteBuddy$AK7CJYYa.click(Unknown Source)
at POM.Maintenance.clickon_AdhocPM_PlusIcon(Maintenance.java:221)
at Preventive_Maintenance.ArcadePMTest.TC_PM04_SearchOn_Ad_hoc_Page(ArcadePMTest.java:160)
at java.base/java.util.ArrayList.forEach(ArrayList.java:1541)
Caused by: org.openqa.selenium.TimeoutException: Expected condition failed: waiting for io.appium.java_client.pagefactory.AppiumElementLocator$WaitingFunction@48f7dbe0 (tried for 1 second(s) with 500 milliseconds interval)
at org.openqa.selenium.support.ui.FluentWait.timeoutException(FluentWait.java:262)
at org.openqa.selenium.support.ui.FluentWait.until(FluentWait.java:230)
at io.appium.java_client.pagefactory.AppiumElementLocator.waitFor(AppiumElementLocator.java:98)
at io.appium.java_client.pagefactory.AppiumElementLocator.findElement(AppiumElementLocator.java:118)
... 33 more
Caused by: org.openqa.selenium.NoSuchElementException: Cannot locate an element using By.chained({By.xpath: //android.widget.FrameLayout[@resource-id="android:id/content"]/android.widget.FrameLayout/android.view.ViewGroup/android.view.ViewGroup[2]/android.view.ViewGroup/android.view.ViewGroup/android.widget.FrameLayout/android.view.ViewGroup/android.view.ViewGroup/android.view.ViewGroup/android.view.ViewGroup/android.view.ViewGroup/android.view.ViewGroup[2]/android.view.ViewGroup[3]/android.view.ViewGroup/android.widget.ImageView})
For documentation on this error, please visit: https://www.selenium.dev/documentation/webdriver/troubleshooting/errors#no-such-element-exception
Build info: version: '4.10.0', revision: 'c14d967899'
System info: os.name: 'Windows 11', os.arch: 'amd64', os.version: '10.0', java.version: '11.0.15.1'
Driver info: driver.version: RemoteWebDriver
at io.appium.java_client.pagefactory.bys.builder.ByChained.findElement(ByChained.java:77)
at org.openqa.selenium.remote.ElementLocation$ElementFinder$1.findElement(ElementLocation.java:139)
at org.openqa.selenium.remote.ElementLocation.findElement(ElementLocation.java:59)
at org.openqa.selenium.remote.RemoteWebDriver.findElement(RemoteWebDriver.java:350)
at org.openqa.selenium.remote.RemoteWebDriver.findElement(RemoteWebDriver.java:344)
at io.appium.java_client.pagefactory.bys.ContentMappedBy.findElement(ContentMappedBy.java:50)
at org.openqa.selenium.remote.ElementLocation$ElementFinder$1.findElement(ElementLocation.java:139)
at org.openqa.selenium.remote.ElementLocation.findElement(ElementLocation.java:59)
at org.openqa.selenium.remote.RemoteWebDriver.findElement(RemoteWebDriver.java:350)
at org.openqa.selenium.remote.RemoteWebDriver.findElement(RemoteWebDriver.java:344)
at io.appium.java_client.pagefactory.AppiumElementLocator.lambda$findElement$0(AppiumElementLocator.java:119)
at io.appium.java_client.pagefactory.AppiumElementLocator$WaitingFunction.apply(AppiumElementLocator.java:171)
at io.appium.java_client.pagefactory.AppiumElementLocator$WaitingFunction.apply(AppiumElementLocator.java:164)
at org.openqa.selenium.support.ui.FluentWait.until(FluentWait.java:205)
... 35 more
... Removed 27 stack frames]]>
    </failure>
  </testcase> <!-- TC_PM04_SearchOn_Ad_hoc_Page -->
  <testcase classname="Preventive_Maintenance.ArcadePMTest" name="TC_PM05_SubmitEmptyChecklist_Validation" time="22.203">
    <failure type="java.lang.AssertionError" message="Exception occurred in test: Expected condition failed: waiting for element to be clickable: Located by By.chained({By.xpath: //android.widget.ScrollView/android.view.ViewGroup/android.view.ViewGroup[3]/android.view.ViewGroup[1]}) (tried for 10 second(s) with 500 milliseconds interval)">
      <![CDATA[java.lang.AssertionError: Exception occurred in test: Expected condition failed: waiting for element to be clickable: Located by By.chained({By.xpath: //android.widget.ScrollView/android.view.ViewGroup/android.view.ViewGroup[3]/android.view.ViewGroup[1]}) (tried for 10 second(s) with 500 milliseconds interval)
at Preventive_Maintenance.ArcadePMTest.TC_PM05_SubmitEmptyChecklist_Validation(ArcadePMTest.java:241)
at java.base/java.util.ArrayList.forEach(ArrayList.java:1541)
... Removed 28 stack frames]]>
    </failure>
  </testcase> <!-- TC_PM05_SubmitEmptyChecklist_Validation -->
  <testcase classname="Preventive_Maintenance.ArcadePMTest" name="TC_PM06_Ride_and_AttractionPMTest" time="0.0">
    <skipped/>
  </testcase> <!-- TC_PM06_Ride_and_AttractionPMTest -->
  <testcase classname="Preventive_Maintenance.ArcadePMTest" name="TC_PM07_SuperBikePMTest" time="0.0">
    <skipped/>
  </testcase> <!-- TC_PM07_SuperBikePMTest -->
  <testcase classname="Preventive_Maintenance.ArcadePMTest" name="TC_PM08_SaveDraftPMTest" time="0.001">
    <skipped/>
  </testcase> <!-- TC_PM08_SaveDraftPMTest -->
  <testcase classname="Preventive_Maintenance.ArcadePMTest" name="TC_PM09_TwoQuestionTest" time="0.0">
    <skipped/>
  </testcase> <!-- TC_PM09_TwoQuestionTest -->
  <testcase classname="Preventive_Maintenance.ArcadePMTest" name="TC_PM10_TwoQuestionWithRemarkAndMultiUserPerformTest" time="0.0">
    <skipped/>
  </testcase> <!-- TC_PM10_TwoQuestionWithRemarkAndMultiUserPerformTest -->
</testsuite> <!-- Test -->
