<?xml version="1.0" encoding="UTF-8"?>
<!-- Generated by org.testng.reporters.JUnitXMLReporter -->
<testsuite ignored="1" hostname="RUSHIKESHBIRADAR-MG" failures="0" tests="3" name="Test" time="4.611" errors="0" timestamp="2025-07-11T12:17:43 IST">
  <testcase classname="General_Utility.B2" name="@BeforeClass setUp" time="3.813">
    <failure type="org.openqa.selenium.SessionNotCreatedException" message="Could not start a new session. Possible causes are invalid address of the remote server or browser start-up failure. 
Host info: host: &amp;apos;RUSHIKESHBIRADA&amp;apos;, ip: &amp;apos;192.168.1.84&amp;apos;">
      <![CDATA[org.openqa.selenium.SessionNotCreatedException: Could not start a new session. Possible causes are invalid address of the remote server or browser start-up failure. 
Host info: host: 'RUSHIKESHBIRADA', ip: '192.168.1.84'
at org.openqa.selenium.remote.RemoteWebDriver.execute(RemoteWebDriver.java:549)
at io.appium.java_client.AppiumDriver.startSession(AppiumDriver.java:274)
at org.openqa.selenium.remote.RemoteWebDriver.<init>(RemoteWebDriver.java:154)
at io.appium.java_client.AppiumDriver.<init>(AppiumDriver.java:89)
at io.appium.java_client.AppiumDriver.<init>(AppiumDriver.java:101)
at io.appium.java_client.android.AndroidDriver.<init>(AndroidDriver.java:113)
at General_Utility.B2.setUp(B2.java:75)
at java.base/java.util.ArrayList.forEach(ArrayList.java:1541)
Caused by: org.openqa.selenium.WebDriverException: Connection refused: no further information
Build info: version: '4.10.0', revision: 'c14d967899'
System info: os.name: 'Windows 11', os.arch: 'amd64', os.version: '10.0', java.version: '11.0.15.1'
Driver info: driver.version: AndroidDriver
at io.appium.java_client.remote.AppiumCommandExecutor.lambda$execute$4(AppiumCommandExecutor.java:262)
at java.base/java.util.Optional.orElseGet(Optional.java:369)
at io.appium.java_client.remote.AppiumCommandExecutor.execute(AppiumCommandExecutor.java:261)
at org.openqa.selenium.remote.RemoteWebDriver.execute(RemoteWebDriver.java:531)
... 32 more
Caused by: java.net.ConnectException: Connection refused: no further information
at java.base/sun.nio.ch.SocketChannelImpl.checkConnect(Native Method)
at java.base/sun.nio.ch.SocketChannelImpl.finishConnect(SocketChannelImpl.java:779)
at io.netty.channel.socket.nio.NioSocketChannel.doFinishConnect(NioSocketChannel.java:337)
at io.netty.channel.nio.AbstractNioChannel$AbstractNioUnsafe.finishConnect(AbstractNioChannel.java:334)
at io.netty.channel.nio.NioEventLoop.processSelectedKey(NioEventLoop.java:776)
at io.netty.channel.nio.NioEventLoop.processSelectedKeysOptimized(NioEventLoop.java:724)
at io.netty.channel.nio.NioEventLoop.processSelectedKeys(NioEventLoop.java:650)
at io.netty.channel.nio.NioEventLoop.run(NioEventLoop.java:562)
at io.netty.util.concurrent.SingleThreadEventExecutor$4.run(SingleThreadEventExecutor.java:997)
at io.netty.util.internal.ThreadExecutorMap$2.run(ThreadExecutorMap.java:74)
at io.netty.util.concurrent.FastThreadLocalRunnable.run(FastThreadLocalRunnable.java:30)
at java.base/java.lang.Thread.run(Thread.java:834)
... Removed 25 stack frames]]>
    </failure>
  </testcase> <!-- @BeforeClass setUp -->
  <testcase classname="General_Utility.B2" name="@BeforeMethod beforeMethod" time="0.0">
    <skipped/>
  </testcase> <!-- @BeforeMethod beforeMethod -->
  <testcase classname="General_Utility.B2" name="@AfterMethod logTestResult" time="0.0">
    <skipped/>
  </testcase> <!-- @AfterMethod logTestResult -->
  <testcase classname="General_Utility.B2" name="@BeforeMethod beforeMethod" time="0.0">
    <skipped/>
  </testcase> <!-- @BeforeMethod beforeMethod -->
  <testcase classname="General_Utility.B2" name="@AfterMethod logTestResult" time="0.0">
    <skipped/>
  </testcase> <!-- @AfterMethod logTestResult -->
  <testcase classname="General_Utility.B2" name="@BeforeMethod beforeMethod" time="0.0">
    <skipped/>
  </testcase> <!-- @BeforeMethod beforeMethod -->
  <testcase classname="General_Utility.B2" name="@AfterMethod logTestResult" time="0.0">
    <skipped/>
  </testcase> <!-- @AfterMethod logTestResult -->
  <testcase classname="General_Utility.B2" name="@AfterClass tearDown" time="0.0">
    <skipped/>
  </testcase> <!-- @AfterClass tearDown -->
  <testcase classname="Inspection.InspectionTest" name="TwoQuestionInspectionwithRemarkandUserTest_TC_I02" time="0.0">
    <skipped/>
  </testcase> <!-- TwoQuestionInspectionwithRemarkandUserTest_TC_I02 -->
  <testcase classname="Inspection.InspectionTest" name="VR_HeadsetInspectionTest_TC_I03" time="0.0">
    <skipped/>
  </testcase> <!-- VR_HeadsetInspectionTest_TC_I03 -->
  <testcase classname="Inspection.InspectionTest" name="Daily_Scoreboard_InspectionTest_TC_I04" time="0.0">
    <skipped/>
  </testcase> <!-- Daily_Scoreboard_InspectionTest_TC_I04 -->
  <testcase classname="Inspection.InspectionTest" name="TwoQuestionInspectionTest_TC_I01" time="0.0">
    <ignored/>
  </testcase> <!-- TwoQuestionInspectionTest_TC_I01 -->
</testsuite> <!-- Test -->
