<?xml version="1.0" encoding="UTF-8"?>
<!-- Generated by org.testng.reporters.JUnitXMLReporter -->
<testsuite ignored="2" hostname="LAPTOP-H7MKTV2I" failures="0" tests="1" name="Test(failed)(failed)(failed)(failed)(failed)(failed)(failed)" time="36.394" errors="0" timestamp="2025-04-21T11:56:11 IST">
  <testcase classname="General_Utility.B2" name="@BeforeClass setUp" time="35.462">
    <failure type="org.openqa.selenium.SessionNotCreatedException" message="Could not start a new session. Response code 500. Message: An unknown server-side error occurred while processing the command. Original error: Cannot start the &amp;apos;com.metaagrow&amp;apos; application. Visit https://github.com/appium/appium/blob/master/docs/en/writing-running-appium/android/activity-startup.md for troubleshooting. Original error: &amp;apos;com.metaagrow.MainActivity&amp;apos; or &amp;apos;com.metaagrow.com.metaagrow.MainActivity&amp;apos; never started. Visit https://github.com/appium/appium/blob/master/docs/en/writing-running-appium/android/activity-startup.md for troubleshooting 
Host info: host: &amp;apos;LAPTOP-H7MKTV2I&amp;apos;, ip: &amp;apos;192.168.1.16&amp;apos;
Build info: version: &amp;apos;4.10.0&amp;apos;, revision: &amp;apos;c14d967899&amp;apos;
System info: os.name: &amp;apos;Windows 11&amp;apos;, os.arch: &amp;apos;amd64&amp;apos;, os.version: &amp;apos;10.0&amp;apos;, java.version: &amp;apos;11.0.15.1&amp;apos;
Driver info: io.appium.java_client.android.AndroidDriver
Command: [null, newSession {capabilities=[{appium:app=C:\Users\SynccIT\app-release.apk, appium:automationName=UiAutomator2, appium:deviceName=Android, platformName=ANDROID}], desiredCapabilities=Capabilities {app: C:\Users\SynccIT\app-releas..., automationName: UiAutomator2, deviceName: Android, platformName: ANDROID}}]
Capabilities {app: C:\Users\SynccIT\app-releas..., automationName: UiAutomator2, deviceName: Android, platformName: ANDROID}">
      <![CDATA[org.openqa.selenium.SessionNotCreatedException: Could not start a new session. Response code 500. Message: An unknown server-side error occurred while processing the command. Original error: Cannot start the 'com.metaagrow' application. Visit https://github.com/appium/appium/blob/master/docs/en/writing-running-appium/android/activity-startup.md for troubleshooting. Original error: 'com.metaagrow.MainActivity' or 'com.metaagrow.com.metaagrow.MainActivity' never started. Visit https://github.com/appium/appium/blob/master/docs/en/writing-running-appium/android/activity-startup.md for troubleshooting 
Host info: host: 'LAPTOP-H7MKTV2I', ip: '192.168.1.16'
Build info: version: '4.10.0', revision: 'c14d967899'
System info: os.name: 'Windows 11', os.arch: 'amd64', os.version: '10.0', java.version: '11.0.15.1'
Driver info: io.appium.java_client.android.AndroidDriver
Command: [null, newSession {capabilities=[{appium:app=C:\Users\SynccIT\app-release.apk, appium:automationName=UiAutomator2, appium:deviceName=Android, platformName=ANDROID}], desiredCapabilities=Capabilities {app: C:\Users\SynccIT\app-releas..., automationName: UiAutomator2, deviceName: Android, platformName: ANDROID}}]
Capabilities {app: C:\Users\SynccIT\app-releas..., automationName: UiAutomator2, deviceName: Android, platformName: ANDROID}
at org.openqa.selenium.remote.ProtocolHandshake.createSession(ProtocolHandshake.java:140)
at io.appium.java_client.remote.AppiumProtocolHandshake.createSession(AppiumProtocolHandshake.java:133)
at io.appium.java_client.remote.AppiumProtocolHandshake.createSession(AppiumProtocolHandshake.java:102)
at io.appium.java_client.remote.AppiumCommandExecutor.createSession(AppiumCommandExecutor.java:182)
at io.appium.java_client.remote.AppiumCommandExecutor.execute(AppiumCommandExecutor.java:250)
at org.openqa.selenium.remote.RemoteWebDriver.execute(RemoteWebDriver.java:531)
at io.appium.java_client.AppiumDriver.startSession(AppiumDriver.java:274)
at org.openqa.selenium.remote.RemoteWebDriver.<init>(RemoteWebDriver.java:154)
at io.appium.java_client.AppiumDriver.<init>(AppiumDriver.java:89)
at io.appium.java_client.AppiumDriver.<init>(AppiumDriver.java:101)
at io.appium.java_client.android.AndroidDriver.<init>(AndroidDriver.java:113)
at General_Utility.B2.setUp(B2.java:75)
at java.base/java.util.ArrayList.forEach(ArrayList.java:1541)
... Removed 29 stack frames]]>
    </failure>
  </testcase> <!-- @BeforeClass setUp -->
  <testcase classname="General_Utility.B2" name="@BeforeMethod beforeMethod" time="0.0">
    <skipped/>
  </testcase> <!-- @BeforeMethod beforeMethod -->
  <testcase classname="General_Utility.B2" name="@AfterMethod logTestResult" time="0.0">
    <skipped/>
  </testcase> <!-- @AfterMethod logTestResult -->
  <testcase classname="General_Utility.B2" name="@AfterClass tearDown" time="0.0">
    <skipped/>
  </testcase> <!-- @AfterClass tearDown -->
  <testcase classname="TPI.BowlingAsset_TPI" name="PerformTPIWithImage" time="0.0">
    <skipped/>
  </testcase> <!-- PerformTPIWithImage -->
  <testcase classname="TPI.BowlingAsset_TPI" name="TodaysSearchByTPI" time="0.0">
    <ignored/>
  </testcase> <!-- TodaysSearchByTPI -->
  <testcase classname="TPI.BowlingAsset_TPI" name="PerformTPI" time="0.0">
    <ignored/>
  </testcase> <!-- PerformTPI -->
</testsuite> <!-- Test(failed)(failed)(failed)(failed)(failed)(failed)(failed) -->
