<?xml version="1.0" encoding="UTF-8"?>
<!-- Generated by org.testng.reporters.JUnitXMLReporter -->
<testsuite ignored="2" hostname="LAPTOP-H7MKTV2I" failures="0" tests="2" name="Default test(failed)(failed)" time="364.472" errors="0" timestamp="2025-04-22T11:35:56 IST">
  <testcase classname="Inspection.InspectionTest" name="VR_HeadsetInspectionTest_TC_I02" time="111.747"/>
  <testcase classname="Inspection.InspectionTest" name="Daily_Scoreboard_InspectionTest_TC_I04" time="112.98"/>
  <testcase classname="Inspection.InspectionTest" name="TwoQuestionInspectionwithRemarkandUserTest_TC_I03" time="0.0">
    <ignored/>
  </testcase> <!-- TwoQuestionInspectionwithRemarkandUserTest_TC_I03 -->
  <testcase classname="Inspection.InspectionTest" name="TwoQuestionInspectionTest_TC_I01" time="0.0">
    <ignored/>
  </testcase> <!-- TwoQuestionInspectionTest_TC_I01 -->
</testsuite> <!-- Default test(failed)(failed) -->
