<?xml version="1.0" encoding="UTF-8"?>
<testng-results ignored="0" total="1" passed="1" failed="0" skipped="0">
  <reporter-output>
  </reporter-output>
  <suite started-at="2025-08-05T10:52:59 IST" name="Default suite" finished-at="2025-08-05T10:57:39 IST" duration-ms="279586">
    <groups>
    </groups>
    <test started-at="2025-08-05T10:52:59 IST" name="Default test" finished-at="2025-08-05T10:57:39 IST" duration-ms="279586">
      <class name="Preventive_Maintenance.ArcadePMTest">
        <test-method is-config="true" signature="beforeTest()[pri:0, instance:Preventive_Maintenance.ArcadePMTest@5c86dbc5]" started-at="2025-08-05T10:52:59 IST" name="beforeTest" finished-at="2025-08-05T10:53:00 IST" duration-ms="278" status="PASS">
          <reporter-output>
          </reporter-output>
        </test-method> <!-- beforeTest -->
        <test-method is-config="true" signature="setUp()[pri:0, instance:Preventive_Maintenance.ArcadePMTest@5c86dbc5]" started-at="2025-08-05T10:53:00 IST" name="setUp" finished-at="2025-08-05T10:53:20 IST" duration-ms="20559" status="PASS">
          <reporter-output>
          </reporter-output>
        </test-method> <!-- setUp -->
        <test-method is-config="true" signature="beforeMethod(org.testng.ITestResult)[pri:0, instance:Preventive_Maintenance.ArcadePMTest@5c86dbc5]" started-at="2025-08-05T10:53:20 IST" name="beforeMethod" finished-at="2025-08-05T10:53:35 IST" duration-ms="14530" status="PASS">
          <params>
            <param index="0">
              <value>
                <![CDATA[[TestResult name={null} status=CREATED method=ArcadePMTest.TC_PM06_Ride_and_AttractionPMTest()[pri:6, instance:Preventive_Maintenance.ArcadePMTest@5c86dbc5] output={null}]]]>
              </value>
            </param>
          </params>
          <reporter-output>
          </reporter-output>
        </test-method> <!-- beforeMethod -->
        <test-method signature="TC_PM06_Ride_and_AttractionPMTest()[pri:6, instance:Preventive_Maintenance.ArcadePMTest@5c86dbc5]" started-at="2025-08-05T10:53:35 IST" name="TC_PM06_Ride_and_AttractionPMTest" finished-at="2025-08-05T10:57:38 IST" duration-ms="243695" status="PASS">
          <reporter-output>
          </reporter-output>
        </test-method> <!-- TC_PM06_Ride_and_AttractionPMTest -->
        <test-method is-config="true" signature="logTestResult(org.testng.ITestResult)[pri:0, instance:Preventive_Maintenance.ArcadePMTest@5c86dbc5]" started-at="2025-08-05T10:57:38 IST" name="logTestResult" finished-at="2025-08-05T10:57:39 IST" duration-ms="316" status="PASS">
          <params>
            <param index="0">
              <value>
                <![CDATA[[TestResult name=TC_PM06_Ride_and_AttractionPMTest status=SUCCESS method=ArcadePMTest.TC_PM06_Ride_and_AttractionPMTest()[pri:6, instance:Preventive_Maintenance.ArcadePMTest@5c86dbc5] output={null}]]]>
              </value>
            </param>
          </params>
          <reporter-output>
          </reporter-output>
        </test-method> <!-- logTestResult -->
        <test-method is-config="true" signature="tearDown()[pri:0, instance:Preventive_Maintenance.ArcadePMTest@5c86dbc5]" started-at="2025-08-05T10:57:39 IST" name="tearDown" finished-at="2025-08-05T10:57:39 IST" duration-ms="122" status="PASS">
          <reporter-output>
          </reporter-output>
        </test-method> <!-- tearDown -->
        <test-method is-config="true" signature="afterTest()[pri:0, instance:Preventive_Maintenance.ArcadePMTest@5c86dbc5]" started-at="2025-08-05T10:57:39 IST" name="afterTest" finished-at="2025-08-05T10:57:39 IST" duration-ms="9" status="PASS">
          <reporter-output>
          </reporter-output>
        </test-method> <!-- afterTest -->
      </class> <!-- Preventive_Maintenance.ArcadePMTest -->
    </test> <!-- Default test -->
  </suite> <!-- Default suite -->
</testng-results>
