<?xml version="1.0" encoding="UTF-8"?>
<!-- Generated by org.testng.reporters.JUnitXMLReporter -->
<testsuite ignored="1" hostname="LAPTOP-H7MKTV2I" failures="1" tests="1" name="Test(failed)(failed)(failed)" time="125.633" errors="0" timestamp="2025-02-05T17:33:37 IST">
  <testcase classname="Tickets.AssignTicket" name="AssigTicketWIthAllFiledsAnd3Images_TKT_04" time="70.654">
    <failure type="org.openqa.selenium.NoSuchElementException" message="Can&amp;apos;t locate an element by this strategy: By.chained({By.xpath: (//android.widget.TextView[@text=&amp;quot;Raise Ticket&amp;quot;])[2]})">
      <![CDATA[org.openqa.selenium.NoSuchElementException: Can't locate an element by this strategy: By.chained({By.xpath: (//android.widget.TextView[@text="Raise Ticket"])[2]})
at io.appium.java_client.pagefactory.AppiumElementLocator.findElement(AppiumElementLocator.java:125)
at io.appium.java_client.pagefactory.interceptors.InterceptorOfASingleElement.call(InterceptorOfASingleElement.java:54)
at io.appium.java_client.proxy.Interceptor.intercept(Interceptor.java:75)
at org.openqa.selenium.remote.RemoteWebElement$ByteBuddy$mwclbu6N.click(Unknown Source)
at POM.Tickets.CLickOn_RaiseTicketButton_OnRaiseTicketPage(Tickets.java:324)
at Tickets.AssignTicket.AssigTicketWIthAllFiledsAnd3Images_TKT_04(AssignTicket.java:143)
at java.base/java.util.ArrayList.forEach(ArrayList.java:1541)
Caused by: org.openqa.selenium.TimeoutException: Expected condition failed: waiting for io.appium.java_client.pagefactory.AppiumElementLocator$WaitingFunction@706c062e (tried for 1 second(s) with 500 milliseconds interval)
at org.openqa.selenium.support.ui.FluentWait.timeoutException(FluentWait.java:262)
at org.openqa.selenium.support.ui.FluentWait.until(FluentWait.java:230)
at io.appium.java_client.pagefactory.AppiumElementLocator.waitFor(AppiumElementLocator.java:98)
at io.appium.java_client.pagefactory.AppiumElementLocator.findElement(AppiumElementLocator.java:118)
... 33 more
Caused by: org.openqa.selenium.NoSuchElementException: Cannot locate an element using By.chained({By.xpath: (//android.widget.TextView[@text="Raise Ticket"])[2]})
For documentation on this error, please visit: https://www.selenium.dev/documentation/webdriver/troubleshooting/errors#no-such-element-exception
Build info: version: '4.10.0', revision: 'c14d967899'
System info: os.name: 'Windows 11', os.arch: 'amd64', os.version: '10.0', java.version: '11.0.15.1'
Driver info: driver.version: RemoteWebDriver
at io.appium.java_client.pagefactory.bys.builder.ByChained.findElement(ByChained.java:77)
at org.openqa.selenium.remote.ElementLocation$ElementFinder$1.findElement(ElementLocation.java:139)
at org.openqa.selenium.remote.ElementLocation.findElement(ElementLocation.java:59)
at org.openqa.selenium.remote.RemoteWebDriver.findElement(RemoteWebDriver.java:350)
at org.openqa.selenium.remote.RemoteWebDriver.findElement(RemoteWebDriver.java:344)
at io.appium.java_client.pagefactory.bys.ContentMappedBy.findElement(ContentMappedBy.java:50)
at org.openqa.selenium.remote.ElementLocation$ElementFinder$1.findElement(ElementLocation.java:139)
at org.openqa.selenium.remote.ElementLocation.findElement(ElementLocation.java:59)
at org.openqa.selenium.remote.RemoteWebDriver.findElement(RemoteWebDriver.java:350)
at org.openqa.selenium.remote.RemoteWebDriver.findElement(RemoteWebDriver.java:344)
at io.appium.java_client.pagefactory.AppiumElementLocator.lambda$findElement$0(AppiumElementLocator.java:119)
at io.appium.java_client.pagefactory.AppiumElementLocator$WaitingFunction.apply(AppiumElementLocator.java:171)
at io.appium.java_client.pagefactory.AppiumElementLocator$WaitingFunction.apply(AppiumElementLocator.java:164)
at org.openqa.selenium.support.ui.FluentWait.until(FluentWait.java:205)
... 35 more
... Removed 27 stack frames]]>
    </failure>
  </testcase> <!-- AssigTicketWIthAllFiledsAnd3Images_TKT_04 -->
  <testcase classname="Tickets.AssignTicket" name="AssignTicketTest_TKT_03" time="0.0">
    <ignored/>
  </testcase> <!-- AssignTicketTest_TKT_03 -->
</testsuite> <!-- Test(failed)(failed)(failed) -->
