<?xml version="1.0" encoding="UTF-8"?>
<!-- Generated by org.testng.reporters.JUnitXMLReporter -->
<testsuite ignored="9" hostname="RUSHIKESH-MG" failures="0" tests="1" name="Default test" time="279.586" errors="0" timestamp="2025-08-05T10:57:39 IST">
  <testcase classname="Preventive_Maintenance.ArcadePMTest" name="TC_PM06_Ride_and_AttractionPMTest" time="243.695"/>
  <testcase classname="Preventive_Maintenance.ArcadePMTest" name="TC_PM04_SearchOn_Ad_hoc_Page" time="0.0">
    <ignored/>
  </testcase> <!-- TC_PM04_SearchOn_Ad_hoc_Page -->
  <testcase classname="Preventive_Maintenance.ArcadePMTest" name="TC_PM07_SuperBikePMTest" time="0.0">
    <ignored/>
  </testcase> <!-- TC_PM07_SuperBikePMTest -->
  <testcase classname="Preventive_Maintenance.ArcadePMTest" name="TC_PM09_TwoQuestionTest" time="0.0">
    <ignored/>
  </testcase> <!-- TC_PM09_TwoQuestionTest -->
  <testcase classname="Preventive_Maintenance.ArcadePMTest" name="TC_PM01_VerifyMaintenance_Scheduled_CountOnDashboard" time="0.0">
    <ignored/>
  </testcase> <!-- TC_PM01_VerifyMaintenance_Scheduled_CountOnDashboard -->
  <testcase classname="Preventive_Maintenance.ArcadePMTest" name="TC_PM02_VerifyMaintenance_OverdueCountOnDashboard" time="0.0">
    <ignored/>
  </testcase> <!-- TC_PM02_VerifyMaintenance_OverdueCountOnDashboard -->
  <testcase classname="Preventive_Maintenance.ArcadePMTest" name="TC_PM05_SubmitEmptyChecklist_Validation" time="0.0">
    <ignored/>
  </testcase> <!-- TC_PM05_SubmitEmptyChecklist_Validation -->
  <testcase classname="Preventive_Maintenance.ArcadePMTest" name="TC_PM03_Maintenance_ListingPage_GlobalSearchFunctionality" time="0.0">
    <ignored/>
  </testcase> <!-- TC_PM03_Maintenance_ListingPage_GlobalSearchFunctionality -->
  <testcase classname="Preventive_Maintenance.ArcadePMTest" name="TC_PM08_SaveDraftPMTest" time="0.0">
    <ignored/>
  </testcase> <!-- TC_PM08_SaveDraftPMTest -->
  <testcase classname="Preventive_Maintenance.ArcadePMTest" name="TC_PM10_TwoQuestionWithRemarkAndMultiUserPerformTest" time="0.0">
    <ignored/>
  </testcase> <!-- TC_PM10_TwoQuestionWithRemarkAndMultiUserPerformTest -->
</testsuite> <!-- Default test -->
