<?xml version="1.0" encoding="UTF-8"?>
<!-- Generated by org.testng.reporters.JUnitXMLReporter -->
<testsuite ignored="1" hostname="LAPTOP-H7MKTV2I" failures="0" tests="1" name="Test(failed)(failed)(failed)(failed)" time="88.596" errors="0" timestamp="2025-02-05T17:37:46 IST">
  <testcase classname="Tickets.AssignTicket" name="AssigTicketWIthAllFiledsAnd3Images_TKT_04" time="59.116"/>
  <testcase classname="Tickets.AssignTicket" name="AssignTicketTest_TKT_03" time="0.0">
    <ignored/>
  </testcase> <!-- AssignTicketTest_TKT_03 -->
</testsuite> <!-- Test(failed)(failed)(failed)(failed) -->
