<?xml version="1.0" encoding="UTF-8"?>
<!-- Generated by org.testng.reporters.JUnitXMLReporter -->
<testsuite ignored="5" hostname="RUSHIKESH-MG" failures="0" tests="3" name="Test(failed)" time="406.674" errors="0" timestamp="2025-11-27T14:14:00 IST">
  <testcase classname="General_Utility.B2" name="@AfterMethod logTestResult" time="222.686">
    <failure type="java.lang.AssertionError" message="Test failed: Dashboard was not found after pressing back 5 times.">
      <![CDATA[java.lang.AssertionError: Test failed: Dashboard was not found after pressing back 5 times.
at General_Utility.B2.logTestResult(B2.java:193)
at java.base/java.util.ArrayList.forEach(ArrayList.java:1541)
... Removed 33 stack frames]]>
    </failure>
  </testcase> <!-- @AfterMethod logTestResult -->
  <testcase classname="General_Utility.B2" name="@BeforeMethod beforeMethod" time="0.0">
    <skipped/>
  </testcase> <!-- @BeforeMethod beforeMethod -->
  <testcase classname="General_Utility.B2" name="@AfterMethod logTestResult" time="0.0">
    <skipped/>
  </testcase> <!-- @AfterMethod logTestResult -->
  <testcase classname="General_Utility.B2" name="@BeforeMethod beforeMethod" time="0.0">
    <skipped/>
  </testcase> <!-- @BeforeMethod beforeMethod -->
  <testcase classname="General_Utility.B2" name="@AfterMethod logTestResult" time="0.0">
    <skipped/>
  </testcase> <!-- @AfterMethod logTestResult -->
  <testcase classname="General_Utility.B2" name="@AfterClass tearDown" time="0.0">
    <skipped/>
  </testcase> <!-- @AfterClass tearDown -->
  <testcase classname="Inspection.InspectionTest" name="TC_I04_Daily_Scoreboard_InspectionTest" time="126.286"/>
  <testcase classname="Inspection.InspectionTest" name="TC_I08_SubmitEmptyChecklist_Validation" time="0.001">
    <skipped/>
  </testcase> <!-- TC_I08_SubmitEmptyChecklist_Validation -->
  <testcase classname="Inspection.InspectionTest" name="TC_I10_Instant_Checklist_ListingPage_GlobalSearchFunctionality" time="0.001">
    <skipped/>
  </testcase> <!-- TC_I10_Instant_Checklist_ListingPage_GlobalSearchFunctionality -->
  <testcase classname="Inspection.InspectionTest" name="TC_I03_Food_and_BeverageTwoQuestionInspectionTest" time="0.0">
    <ignored/>
  </testcase> <!-- TC_I03_Food_and_BeverageTwoQuestionInspectionTest -->
  <testcase classname="Inspection.InspectionTest" name="TC_I09_Inspection_ListingPage_GlobalSearchFunctionality" time="0.0">
    <ignored/>
  </testcase> <!-- TC_I09_Inspection_ListingPage_GlobalSearchFunctionality -->
  <testcase classname="Inspection.InspectionTest" name="TC_I11_VerifyInspection_CountOnDashboard" time="0.0">
    <ignored/>
  </testcase> <!-- TC_I11_VerifyInspection_CountOnDashboard -->
  <testcase classname="Inspection.InspectionTest" name="TC_I02_Opening_ChecklistTwoQuestionInspectionwithRemarkandUserTest" time="0.0">
    <ignored/>
  </testcase> <!-- TC_I02_Opening_ChecklistTwoQuestionInspectionwithRemarkandUserTest -->
  <testcase classname="Inspection.InspectionTest" name="TC_I02_VR_HeadsetInspectionTest" time="0.0">
    <ignored/>
  </testcase> <!-- TC_I02_VR_HeadsetInspectionTest -->
</testsuite> <!-- Test(failed) -->
