<?xml version="1.0" encoding="UTF-8"?>
<!-- Generated by org.testng.reporters.JUnitXMLReporter -->
<testsuite ignored="1" hostname="RUSHIKESHBIRADAR-MG" failures="1" tests="3" name="Test(failed)" time="541.347" errors="0" timestamp="2025-06-16T14:33:42 IST">
  <testcase classname="Preventive_Maintenance.ArcadePMTest" name="TwoQuestionTest_MT_01" time="25.497">
    <failure type="org.openqa.selenium.NoSuchElementException" message="An element could not be located on the page using the given search parameters.
For documentation on this error, please visit: https://www.selenium.dev/documentation/webdriver/troubleshooting/errors#no-such-element-exception
Build info: version: &amp;apos;4.10.0&amp;apos;, revision: &amp;apos;c14d967899&amp;apos;
System info: os.name: &amp;apos;Windows 11&amp;apos;, os.arch: &amp;apos;amd64&amp;apos;, os.version: &amp;apos;10.0&amp;apos;, java.version: &amp;apos;11.0.15.1&amp;apos;
Driver info: io.appium.java_client.android.AndroidDriver
Command: [85f696e9-b1e5-49f7-82df-1f36ddfe0d78, findElement {using=-android uiautomator, value=new UiScrollable(new UiSelector().scrollable(true)).scrollIntoView(new UiSelector().text(&amp;quot;Arcade Machines PM 2&amp;quot;))}]
Capabilities {appium:app: C:\Users\SynccIT\app-releas..., appium:appPackage: com.metaagrow, appium:automationName: UiAutomator2, appium:databaseEnabled: false, appium:desired: {app: C:\Users\SynccIT\app-releas..., automationName: UiAutomator2, deviceName: Android, platformName: ANDROID}, appium:deviceApiLevel: 30, appium:deviceManufacturer: Google, appium:deviceModel: sdk_gphone_x86, appium:deviceName: emulator-5554, appium:deviceScreenDensity: 560, appium:deviceScreenSize: 1440x3120, appium:deviceUDID: emulator-5554, appium:javascriptEnabled: true, appium:locationContextEnabled: false, appium:networkConnectionEnabled: true, appium:pixelRatio: 3.5, appium:platformVersion: 11, appium:statBarHeight: 84, appium:takesScreenshot: true, appium:viewportRect: {height: 2868, left: 0, top: 84, width: 1440}, appium:warnings: {}, appium:webStorageEnabled: false, platformName: ANDROID}
Session ID: 85f696e9-b1e5-49f7-82df-1f36ddfe0d78">
      <![CDATA[org.openqa.selenium.NoSuchElementException: An element could not be located on the page using the given search parameters.
For documentation on this error, please visit: https://www.selenium.dev/documentation/webdriver/troubleshooting/errors#no-such-element-exception
Build info: version: '4.10.0', revision: 'c14d967899'
System info: os.name: 'Windows 11', os.arch: 'amd64', os.version: '10.0', java.version: '11.0.15.1'
Driver info: io.appium.java_client.android.AndroidDriver
Command: [85f696e9-b1e5-49f7-82df-1f36ddfe0d78, findElement {using=-android uiautomator, value=new UiScrollable(new UiSelector().scrollable(true)).scrollIntoView(new UiSelector().text("Arcade Machines PM 2"))}]
Capabilities {appium:app: C:\Users\SynccIT\app-releas..., appium:appPackage: com.metaagrow, appium:automationName: UiAutomator2, appium:databaseEnabled: false, appium:desired: {app: C:\Users\SynccIT\app-releas..., automationName: UiAutomator2, deviceName: Android, platformName: ANDROID}, appium:deviceApiLevel: 30, appium:deviceManufacturer: Google, appium:deviceModel: sdk_gphone_x86, appium:deviceName: emulator-5554, appium:deviceScreenDensity: 560, appium:deviceScreenSize: 1440x3120, appium:deviceUDID: emulator-5554, appium:javascriptEnabled: true, appium:locationContextEnabled: false, appium:networkConnectionEnabled: true, appium:pixelRatio: 3.5, appium:platformVersion: 11, appium:statBarHeight: 84, appium:takesScreenshot: true, appium:viewportRect: {height: 2868, left: 0, top: 84, width: 1440}, appium:warnings: {}, appium:webStorageEnabled: false, platformName: ANDROID}
Session ID: 85f696e9-b1e5-49f7-82df-1f36ddfe0d78
at org.openqa.selenium.remote.codec.w3c.W3CHttpResponseCodec.createException(W3CHttpResponseCodec.java:199)
at org.openqa.selenium.remote.codec.w3c.W3CHttpResponseCodec.decode(W3CHttpResponseCodec.java:132)
at org.openqa.selenium.remote.codec.w3c.W3CHttpResponseCodec.decode(W3CHttpResponseCodec.java:51)
at org.openqa.selenium.remote.HttpCommandExecutor.execute(HttpCommandExecutor.java:191)
at io.appium.java_client.remote.AppiumCommandExecutor.execute(AppiumCommandExecutor.java:250)
at org.openqa.selenium.remote.RemoteWebDriver.execute(RemoteWebDriver.java:531)
at org.openqa.selenium.remote.ElementLocation$ElementFinder$2.findElement(ElementLocation.java:165)
at org.openqa.selenium.remote.ElementLocation.findElement(ElementLocation.java:66)
at org.openqa.selenium.remote.RemoteWebDriver.findElement(RemoteWebDriver.java:350)
at org.openqa.selenium.remote.RemoteWebDriver.findElement(RemoteWebDriver.java:344)
at Preventive_Maintenance.ArcadePMTest.TwoQuestionTest_MT_01(ArcadePMTest.java:43)
at java.base/java.util.ArrayList.forEach(ArrayList.java:1541)
... Removed 31 stack frames]]>
    </failure>
  </testcase> <!-- TwoQuestionTest_MT_01 -->
  <testcase classname="Preventive_Maintenance.ArcadePMTest" name="TwoQuestionWithRemarkAndMultiUserPerformTest_MT_02" time="118.71"/>
  <testcase classname="Preventive_Maintenance.ArcadePMTest" name="SuperBikePMTest_MT_04" time="109.524"/>
  <testcase classname="Preventive_Maintenance.ArcadePMTest" name="Ride_and_AttractionPMTest_MT_03" time="0.0">
    <ignored/>
  </testcase> <!-- Ride_and_AttractionPMTest_MT_03 -->
</testsuite> <!-- Test(failed) -->
