<?xml version="1.0" encoding="UTF-8"?>
<!-- Generated by org.testng.reporters.JUnitXMLReporter -->
<testsuite ignored="6" hostname="RUSHIKESH-MG" failures="1" tests="2" name="Test(failed)(failed)(failed)" time="423.133" errors="0" timestamp="2025-11-27T16:38:37 IST">
  <testcase classname="General_Utility.B2" name="@AfterMethod logTestResult" time="221.302">
    <failure type="java.lang.AssertionError" message="Test failed: Dashboard was not found after pressing back 5 times.">
      <![CDATA[java.lang.AssertionError: Test failed: Dashboard was not found after pressing back 5 times.
at General_Utility.B2.logTestResult(B2.java:193)
at java.base/java.util.ArrayList.forEach(ArrayList.java:1541)
... Removed 33 stack frames]]>
    </failure>
  </testcase> <!-- @AfterMethod logTestResult -->
  <testcase classname="General_Utility.B2" name="@AfterClass tearDown" time="0.0">
    <skipped/>
  </testcase> <!-- @AfterClass tearDown -->
  <testcase classname="Inspection.InspectionTest" name="TC_I08_SubmitEmptyChecklist_Validation" time="30.161"/>
  <testcase classname="Inspection.InspectionTest" name="TC_I10_Instant_Checklist_ListingPage_GlobalSearchFunctionality" time="34.136">
    <failure type="org.openqa.selenium.NoSuchElementException" message="Can&amp;apos;t locate an element by this strategy: By.chained({By.xpath: //android.widget.FrameLayout[@resource-id=&amp;quot;android:id/content&amp;quot;]/android.widget.FrameLayout/android.view.ViewGroup/android.view.ViewGroup[2]/android.view.ViewGroup/android.view.ViewGroup/android.widget.FrameLayout/android.view.ViewGroup/android.view.ViewGroup/android.view.ViewGroup/android.view.ViewGroup/android.view.ViewGroup/android.view.ViewGroup/android.view.ViewGroup[1]/android.widget.FrameLayout/android.view.ViewGroup/android.view.ViewGroup/android.view.ViewGroup/android.widget.FrameLayout/android.view.ViewGroup/android.view.ViewGroup/android.view.ViewGroup/android.view.ViewGroup/android.view.ViewGroup/android.view.ViewGroup/android.view.ViewGroup[2]/android.view.ViewGroup/android.widget.ImageView})">
      <![CDATA[org.openqa.selenium.NoSuchElementException: Can't locate an element by this strategy: By.chained({By.xpath: //android.widget.FrameLayout[@resource-id="android:id/content"]/android.widget.FrameLayout/android.view.ViewGroup/android.view.ViewGroup[2]/android.view.ViewGroup/android.view.ViewGroup/android.widget.FrameLayout/android.view.ViewGroup/android.view.ViewGroup/android.view.ViewGroup/android.view.ViewGroup/android.view.ViewGroup/android.view.ViewGroup/android.view.ViewGroup[1]/android.widget.FrameLayout/android.view.ViewGroup/android.view.ViewGroup/android.view.ViewGroup/android.widget.FrameLayout/android.view.ViewGroup/android.view.ViewGroup/android.view.ViewGroup/android.view.ViewGroup/android.view.ViewGroup/android.view.ViewGroup/android.view.ViewGroup[2]/android.view.ViewGroup/android.widget.ImageView})
at io.appium.java_client.pagefactory.AppiumElementLocator.findElement(AppiumElementLocator.java:125)
at io.appium.java_client.pagefactory.interceptors.InterceptorOfASingleElement.call(InterceptorOfASingleElement.java:54)
at io.appium.java_client.proxy.Interceptor.intercept(Interceptor.java:75)
at org.openqa.selenium.remote.RemoteWebElement$ByteBuddy$HYpgU3Cu.click(Unknown Source)
at POM.Inspection.CLickOn_AdhocChecklistPlusIcon(Inspection.java:273)
at Inspection.InspectionTest.TC_I10_Instant_Checklist_ListingPage_GlobalSearchFunctionality(InspectionTest.java:724)
at java.base/java.util.ArrayList.forEach(ArrayList.java:1541)
Caused by: org.openqa.selenium.TimeoutException: Expected condition failed: waiting for io.appium.java_client.pagefactory.AppiumElementLocator$WaitingFunction@b6db92b (tried for 1 second(s) with 500 milliseconds interval)
at org.openqa.selenium.support.ui.FluentWait.timeoutException(FluentWait.java:262)
at org.openqa.selenium.support.ui.FluentWait.until(FluentWait.java:230)
at io.appium.java_client.pagefactory.AppiumElementLocator.waitFor(AppiumElementLocator.java:98)
at io.appium.java_client.pagefactory.AppiumElementLocator.findElement(AppiumElementLocator.java:118)
... 33 more
Caused by: org.openqa.selenium.NoSuchElementException: Cannot locate an element using By.chained({By.xpath: //android.widget.FrameLayout[@resource-id="android:id/content"]/android.widget.FrameLayout/android.view.ViewGroup/android.view.ViewGroup[2]/android.view.ViewGroup/android.view.ViewGroup/android.widget.FrameLayout/android.view.ViewGroup/android.view.ViewGroup/android.view.ViewGroup/android.view.ViewGroup/android.view.ViewGroup/android.view.ViewGroup/android.view.ViewGroup[1]/android.widget.FrameLayout/android.view.ViewGroup/android.view.ViewGroup/android.view.ViewGroup/android.widget.FrameLayout/android.view.ViewGroup/android.view.ViewGroup/android.view.ViewGroup/android.view.ViewGroup/android.view.ViewGroup/android.view.ViewGroup/android.view.ViewGroup[2]/android.view.ViewGroup/android.widget.ImageView})
For documentation on this error, please visit: https://www.selenium.dev/documentation/webdriver/troubleshooting/errors#no-such-element-exception
Build info: version: '4.10.0', revision: 'c14d967899'
System info: os.name: 'Windows 11', os.arch: 'amd64', os.version: '10.0', java.version: '11.0.15.1'
Driver info: driver.version: RemoteWebDriver
at io.appium.java_client.pagefactory.bys.builder.ByChained.findElement(ByChained.java:77)
at org.openqa.selenium.remote.ElementLocation$ElementFinder$1.findElement(ElementLocation.java:139)
at org.openqa.selenium.remote.ElementLocation.findElement(ElementLocation.java:59)
at org.openqa.selenium.remote.RemoteWebDriver.findElement(RemoteWebDriver.java:350)
at org.openqa.selenium.remote.RemoteWebDriver.findElement(RemoteWebDriver.java:344)
at io.appium.java_client.pagefactory.bys.ContentMappedBy.findElement(ContentMappedBy.java:50)
at org.openqa.selenium.remote.ElementLocation$ElementFinder$1.findElement(ElementLocation.java:139)
at org.openqa.selenium.remote.ElementLocation.findElement(ElementLocation.java:59)
at org.openqa.selenium.remote.RemoteWebDriver.findElement(RemoteWebDriver.java:350)
at org.openqa.selenium.remote.RemoteWebDriver.findElement(RemoteWebDriver.java:344)
at io.appium.java_client.pagefactory.AppiumElementLocator.lambda$findElement$0(AppiumElementLocator.java:119)
at io.appium.java_client.pagefactory.AppiumElementLocator$WaitingFunction.apply(AppiumElementLocator.java:171)
at io.appium.java_client.pagefactory.AppiumElementLocator$WaitingFunction.apply(AppiumElementLocator.java:164)
at org.openqa.selenium.support.ui.FluentWait.until(FluentWait.java:205)
... 35 more
... Removed 27 stack frames]]>
    </failure>
  </testcase> <!-- TC_I10_Instant_Checklist_ListingPage_GlobalSearchFunctionality -->
  <testcase classname="Inspection.InspectionTest" name="TC_I03_Food_and_BeverageTwoQuestionInspectionTest" time="0.0">
    <ignored/>
  </testcase> <!-- TC_I03_Food_and_BeverageTwoQuestionInspectionTest -->
  <testcase classname="Inspection.InspectionTest" name="TC_I09_Inspection_ListingPage_GlobalSearchFunctionality" time="0.0">
    <ignored/>
  </testcase> <!-- TC_I09_Inspection_ListingPage_GlobalSearchFunctionality -->
  <testcase classname="Inspection.InspectionTest" name="TC_I04_Daily_Scoreboard_InspectionTest" time="0.0">
    <ignored/>
  </testcase> <!-- TC_I04_Daily_Scoreboard_InspectionTest -->
  <testcase classname="Inspection.InspectionTest" name="TC_I11_VerifyInspection_CountOnDashboard" time="0.0">
    <ignored/>
  </testcase> <!-- TC_I11_VerifyInspection_CountOnDashboard -->
  <testcase classname="Inspection.InspectionTest" name="TC_I02_Opening_ChecklistTwoQuestionInspectionwithRemarkandUserTest" time="0.0">
    <ignored/>
  </testcase> <!-- TC_I02_Opening_ChecklistTwoQuestionInspectionwithRemarkandUserTest -->
  <testcase classname="Inspection.InspectionTest" name="TC_I02_VR_HeadsetInspectionTest" time="0.0">
    <ignored/>
  </testcase> <!-- TC_I02_VR_HeadsetInspectionTest -->
</testsuite> <!-- Test(failed)(failed)(failed) -->
