<?xml version="1.0" encoding="UTF-8"?>
<!-- Generated by org.testng.reporters.JUnitXMLReporter -->
<testsuite ignored="4" hostname="LAPTOP-H7MKTV2I" failures="1" tests="3" name="Test(failed)(failed)" time="175.272" errors="0" timestamp="2025-02-05T17:30:17 IST">
  <testcase classname="Tickets.StatusChangeTest" name="ClosedTicketStatusChangeTest_TKT_06" time="16.011"/>
  <testcase classname="Tickets.StatusChangeTest" name="NotValidTicketStatusChangeTest_TKT_07" time="12.125"/>
  <testcase classname="Tickets.AssignTicket" name="AssigTicketWIthAllFiledsAnd3Images_TKT_04" time="52.749">
    <failure type="org.openqa.selenium.NoSuchElementException" message="An element could not be located on the page using the given search parameters.
For documentation on this error, please visit: https://www.selenium.dev/documentation/webdriver/troubleshooting/errors#no-such-element-exception
Build info: version: &amp;apos;4.10.0&amp;apos;, revision: &amp;apos;c14d967899&amp;apos;
System info: os.name: &amp;apos;Windows 11&amp;apos;, os.arch: &amp;apos;amd64&amp;apos;, os.version: &amp;apos;10.0&amp;apos;, java.version: &amp;apos;11.0.15.1&amp;apos;
Driver info: io.appium.java_client.android.AndroidDriver
Command: [b1401e50-05fc-4f91-bbf6-b36092033df5, findElement {using=xpath, value=//android.widget.TextView[@text=&amp;apos;Save&amp;apos;]}]
Capabilities {appium:app: C:\Users\SynccIT\app-releas..., appium:appPackage: com.metaagrow, appium:automationName: UiAutomator2, appium:databaseEnabled: false, appium:desired: {app: C:\Users\SynccIT\app-releas..., automationName: UiAutomator2, deviceName: Android, platformName: ANDROID}, appium:deviceApiLevel: 30, appium:deviceManufacturer: vivo, appium:deviceModel: vivo 1819, appium:deviceName: 9T6HHQPZWSK7NJJJ, appium:deviceScreenDensity: 480, appium:deviceScreenSize: 1080x2340, appium:deviceUDID: 9T6HHQPZWSK7NJJJ, appium:javascriptEnabled: true, appium:locationContextEnabled: false, appium:networkConnectionEnabled: true, appium:pixelRatio: 3, appium:platformVersion: 11, appium:statBarHeight: 84, appium:takesScreenshot: true, appium:viewportRect: {height: 2130, left: 0, top: 84, width: 1080}, appium:warnings: {}, appium:webStorageEnabled: false, platformName: ANDROID}
Session ID: b1401e50-05fc-4f91-bbf6-b36092033df5">
      <![CDATA[org.openqa.selenium.NoSuchElementException: An element could not be located on the page using the given search parameters.
For documentation on this error, please visit: https://www.selenium.dev/documentation/webdriver/troubleshooting/errors#no-such-element-exception
Build info: version: '4.10.0', revision: 'c14d967899'
System info: os.name: 'Windows 11', os.arch: 'amd64', os.version: '10.0', java.version: '11.0.15.1'
Driver info: io.appium.java_client.android.AndroidDriver
Command: [b1401e50-05fc-4f91-bbf6-b36092033df5, findElement {using=xpath, value=//android.widget.TextView[@text='Save']}]
Capabilities {appium:app: C:\Users\SynccIT\app-releas..., appium:appPackage: com.metaagrow, appium:automationName: UiAutomator2, appium:databaseEnabled: false, appium:desired: {app: C:\Users\SynccIT\app-releas..., automationName: UiAutomator2, deviceName: Android, platformName: ANDROID}, appium:deviceApiLevel: 30, appium:deviceManufacturer: vivo, appium:deviceModel: vivo 1819, appium:deviceName: 9T6HHQPZWSK7NJJJ, appium:deviceScreenDensity: 480, appium:deviceScreenSize: 1080x2340, appium:deviceUDID: 9T6HHQPZWSK7NJJJ, appium:javascriptEnabled: true, appium:locationContextEnabled: false, appium:networkConnectionEnabled: true, appium:pixelRatio: 3, appium:platformVersion: 11, appium:statBarHeight: 84, appium:takesScreenshot: true, appium:viewportRect: {height: 2130, left: 0, top: 84, width: 1080}, appium:warnings: {}, appium:webStorageEnabled: false, platformName: ANDROID}
Session ID: b1401e50-05fc-4f91-bbf6-b36092033df5
at org.openqa.selenium.remote.codec.w3c.W3CHttpResponseCodec.createException(W3CHttpResponseCodec.java:199)
at org.openqa.selenium.remote.codec.w3c.W3CHttpResponseCodec.decode(W3CHttpResponseCodec.java:132)
at org.openqa.selenium.remote.codec.w3c.W3CHttpResponseCodec.decode(W3CHttpResponseCodec.java:51)
at org.openqa.selenium.remote.HttpCommandExecutor.execute(HttpCommandExecutor.java:191)
at io.appium.java_client.remote.AppiumCommandExecutor.execute(AppiumCommandExecutor.java:250)
at org.openqa.selenium.remote.RemoteWebDriver.execute(RemoteWebDriver.java:531)
at org.openqa.selenium.remote.ElementLocation$ElementFinder$2.findElement(ElementLocation.java:165)
at org.openqa.selenium.remote.ElementLocation.findElement(ElementLocation.java:59)
at org.openqa.selenium.remote.RemoteWebDriver.findElement(RemoteWebDriver.java:350)
at org.openqa.selenium.remote.RemoteWebDriver.findElement(RemoteWebDriver.java:344)
at Tickets.AssignTicket.AssigTicketWIthAllFiledsAnd3Images_TKT_04(AssignTicket.java:138)
at java.base/java.util.ArrayList.forEach(ArrayList.java:1541)
... Removed 31 stack frames]]>
    </failure>
  </testcase> <!-- AssigTicketWIthAllFiledsAnd3Images_TKT_04 -->
  <testcase classname="Tickets.AssignTicket" name="AssignTicketTest_TKT_03" time="0.0">
    <ignored/>
  </testcase> <!-- AssignTicketTest_TKT_03 -->
  <testcase classname="Tickets.StatusChangeTest" name="ParkedStatusTest_TKT_05" time="0.0">
    <ignored/>
  </testcase> <!-- ParkedStatusTest_TKT_05 -->
  <testcase classname="Tickets.StatusChangeTest" name="ParkedToOpenStatusTest" time="0.0">
    <ignored/>
  </testcase> <!-- ParkedToOpenStatusTest -->
  <testcase classname="Tickets.StatusChangeTest" name="VerifyParkedTicket" time="0.0">
    <ignored/>
  </testcase> <!-- VerifyParkedTicket -->
</testsuite> <!-- Test(failed)(failed) -->
