<?xml version="1.0" encoding="UTF-8"?>
<!-- Generated by org.testng.reporters.JUnitReportReporter -->
<testsuite hostname="RUSHIKESHBIRADAR-MG" failures="0" tests="8" name="Inspection.InspectionTest" time="1041.521" errors="0" timestamp="2025-08-01T16:48:26 IST" skipped="0">
  <testcase classname="Inspection.InspectionTest" name="TC_I09_Inspection_ListingPage_GlobalSearchFunctionality" time="69.539"/>
  <testcase classname="Inspection.InspectionTest" name="TC_I03_Food_and_BeverageTwoQuestionInspectionTest" time="180.268"/>
  <testcase classname="Inspection.InspectionTest" name="TC_I02_Opening_ChecklistTwoQuestionInspectionwithRemarkandUserTest" time="189.271"/>
  <testcase classname="Inspection.InspectionTest" name="TC_I02_VR_HeadsetInspectionTest" time="219.029"/>
  <testcase classname="Inspection.InspectionTest" name="TC_I04_Daily_Scoreboard_InspectionTest" time="148.358"/>
  <testcase classname="Inspection.InspectionTest" name="TC_I08_SubmitEmptyChecklist_Validation" time="92.905"/>
  <testcase classname="Inspection.InspectionTest" name="TC_I10_Instant_Checklist_ListingPage_GlobalSearchFunctionality" time="72.968"/>
  <testcase classname="Inspection.InspectionTest" name="TC_I11_VerifyInspection_CountOnDashboard" time="69.183"/>
</testsuite> <!-- Inspection.InspectionTest -->
