<?xml version="1.0" encoding="UTF-8"?>
<!-- Generated by org.testng.reporters.JUnitReportReporter -->
<testsuite hostname="LAPTOP-H7MKTV2I" failures="0" tests="2" name="Tickets.RaiseTicket" time="293.847" errors="0" timestamp="2025-04-22T15:35:44 IST" skipped="0">
  <testcase classname="Tickets.RaiseTicket" name="RaiseTicketWithMandaoryFields_TKT_01" time="49.287"/>
  <testcase classname="Tickets.RaiseTicket" name="RaiseTicketWithAllFields_TKT_02" time="244.560"/>
</testsuite> <!-- Tickets.RaiseTicket -->
