<?xml version="1.0" encoding="UTF-8"?>
<!-- Generated by org.testng.reporters.JUnitReportReporter -->
<testsuite hostname="RUSHIKESHBIRADAR-MG" failures="0" tests="4" name="Tickets.Edit_TicketTest" time="382.437" errors="0" timestamp="2025-08-01T15:00:00 IST" skipped="0">
  <testcase classname="Tickets.Edit_TicketTest" name="Edit_TicketToGeneralTest_TKT_09" time="75.006"/>
  <testcase classname="Tickets.Edit_TicketTest" name="Edit_TicketToBreakdownTest_TKT_08" time="76.175"/>
  <testcase classname="Tickets.Edit_TicketTest" name="ReplyTicketTest_TKT_10" time="88.759"/>
  <testcase classname="Tickets.Edit_TicketTest" name="ReplyTicketWithAttachImagesTest_TKT_11" time="142.497"/>
</testsuite> <!-- Tickets.Edit_TicketTest -->
