<?xml version="1.0" encoding="UTF-8"?>
<!-- Generated by org.testng.reporters.JUnitReportReporter -->
<testsuite hostname="LAPTOP-H7MKTV2I" failures="0" tests="4" name="Tickets.Edit_TicketTest" time="682.771" errors="0" timestamp="2025-04-22T14:34:22 IST" skipped="0">
  <testcase classname="Tickets.Edit_TicketTest" name="Edit_TicketToBreakdownTest_TKT_08" time="164.685"/>
  <testcase classname="Tickets.Edit_TicketTest" name="Edit_TicketToGeneralTest_TKT_09" time="163.647"/>
  <testcase classname="Tickets.Edit_TicketTest" name="ReplyTicketTest_TKT_10" time="164.802"/>
  <testcase classname="Tickets.Edit_TicketTest" name="ReplyTicketWithAttachImagesTest_TKT_11" time="189.637"/>
</testsuite> <!-- Tickets.Edit_TicketTest -->
