<?xml version="1.0" encoding="UTF-8"?>
<!-- Generated by org.testng.reporters.JUnitReportReporter -->
<testsuite hostname="RUSHIKESH-MG" failures="0" tests="5" name="TPI.BowlingAsset_TPI" time="343.925" errors="0" timestamp="2025-10-28T17:29:14 IST" skipped="0">
  <testcase classname="TPI.BowlingAsset_TPI" name="TC_TPI01_TodaysSearchByTPI" time="77.006"/>
  <testcase classname="TPI.BowlingAsset_TPI" name="TC_TPI02_SearchUpcomingTPI" time="48.541"/>
  <testcase classname="TPI.BowlingAsset_TPI" name="TC_TPI03_SearchCompletedTPI" time="63.847"/>
  <testcase classname="TPI.BowlingAsset_TPI" name="TC_TPI04_PerformTPI" time="74.843"/>
  <testcase classname="TPI.BowlingAsset_TPI" name="TC_TPI05_PerformTPIWithImage" time="79.688"/>
</testsuite> <!-- TPI.BowlingAsset_TPI -->
