<?xml version="1.0" encoding="UTF-8"?>
<!-- Generated by org.testng.reporters.JUnitReportReporter -->
<testsuite hostname="RUSHIKESH-MG" failures="0" tests="3" name="Tickets.StatusChangeTest" time="55.727" errors="0" timestamp="2025-08-04T17:17:37 IST" skipped="2">
  <testcase classname="Tickets.StatusChangeTest" name="NotValidTicketStatusChangeTest_TKT_07" time="55.727"/>
  <testcase classname="Tickets.StatusChangeTest" name="VerifyParkedTicket">
    <skipped/>
  </testcase> <!-- VerifyParkedTicket -->
  <testcase classname="Tickets.StatusChangeTest" name="ParkedToOpenStatusTest">
    <skipped/>
  </testcase> <!-- ParkedToOpenStatusTest -->
</testsuite> <!-- Tickets.StatusChangeTest -->
