<?xml version="1.0" encoding="UTF-8"?>
<!-- Generated by org.testng.reporters.JUnitReportReporter -->
<testsuite hostname="LAPTOP-H7MKTV2I" failures="0" tests="2" name="Tickets.AssignTicket" time="190.955" errors="0" timestamp="2025-04-22T14:20:41 IST" skipped="0">
  <testcase classname="Tickets.AssignTicket" name="AssigTicketWIthAllFiledsAnd3Images_TKT_04" time="150.002"/>
  <testcase classname="Tickets.AssignTicket" name="AssignTicketTest_TKT_03" time="40.953"/>
</testsuite> <!-- Tickets.AssignTicket -->
