<?xml version="1.0" encoding="UTF-8"?>
<!-- Generated by org.testng.reporters.JUnitReportReporter -->
<testsuite hostname="RUSHIKESHBIRADAR-MG" failures="0" tests="5" name="TPI.BowlingAsset_TPI" time="346.930" errors="0" timestamp="2025-08-01T16:05:30 IST" skipped="0">
  <testcase classname="TPI.BowlingAsset_TPI" name="TC_TPI01_TodaysSearchByTPI" time="50.192"/>
  <testcase classname="TPI.BowlingAsset_TPI" name="TC_TPI02_SearchUpcomingTPI" time="40.489"/>
  <testcase classname="TPI.BowlingAsset_TPI" name="TC_TPI03_SearchCompletedTPI" time="66.125"/>
  <testcase classname="TPI.BowlingAsset_TPI" name="TC_TPI04_PerformTPI" time="74.195"/>
  <testcase classname="TPI.BowlingAsset_TPI" name="TC_TPI05_PerformTPIWithImage" time="115.929"/>
</testsuite> <!-- TPI.BowlingAsset_TPI -->
