<?xml version="1.0" encoding="UTF-8"?>
<!-- Generated by org.testng.reporters.JUnitReportReporter -->
<testsuite hostname="LAPTOP-H7MKTV2I" failures="0" tests="5" name="Tickets.StatusChangeTest" time="262.224" errors="0" timestamp="2025-04-22T15:47:38 IST" skipped="2">
  <testcase classname="Tickets.StatusChangeTest" name="ParkedStatusTest_TKT_05" time="143.125"/>
  <testcase classname="Tickets.StatusChangeTest" name="ClosedTicketStatusChangeTest_TKT_06" time="34.355"/>
  <testcase classname="Tickets.StatusChangeTest" name="NotValidTicketStatusChangeTest_TKT_07" time="84.744"/>
  <testcase classname="Tickets.StatusChangeTest" name="ParkedToOpenStatusTest">
    <skipped/>
  </testcase> <!-- ParkedToOpenStatusTest -->
  <testcase classname="Tickets.StatusChangeTest" name="VerifyParkedTicket">
    <skipped/>
  </testcase> <!-- VerifyParkedTicket -->
</testsuite> <!-- Tickets.StatusChangeTest -->
