<?xml version="1.0" encoding="UTF-8"?>
<!-- Generated by org.testng.reporters.JUnitReportReporter -->
<testsuite hostname="RUSHIKESH-MG" failures="0" tests="5" name="Meter.AddMeterReadingTest" time="530.769" errors="0" timestamp="2025-10-28T17:53:28 IST" skipped="0">
  <testcase classname="Meter.AddMeterReadingTest" name="TC_MTR_01_AddReadingTest" time="101.149"/>
  <testcase classname="Meter.AddMeterReadingTest" name="TC_MTR_02_AddReadingWithImageTest" time="111.638"/>
  <testcase classname="Meter.AddMeterReadingTest" name="TC_MTR_03_SearchMeterFromList" time="91.143"/>
  <testcase classname="Meter.AddMeterReadingTest" name="TC_MTR_04_VerifyReadingDateCalendar" time="92.718"/>
  <testcase classname="Meter.AddMeterReadingTest" name="TC_MTR_05_DeleteLatestReadingTest" time="134.121"/>
</testsuite> <!-- Meter.AddMeterReadingTest -->
