<?xml version="1.0" encoding="UTF-8"?>
<!-- Generated by org.testng.reporters.JUnitReportReporter -->
<testsuite hostname="RUSHIKESHBIRADAR-MG" failures="0" tests="2" name="Tickets.AssignTicket" time="261.852" errors="0" timestamp="2025-08-01T12:17:38 IST" skipped="0">
  <testcase classname="Tickets.AssignTicket" name="AssignTicketTest_TKT_03" time="76.920"/>
  <testcase classname="Tickets.AssignTicket" name="AssigTicketWIthAllFiledsAnd3Images_TKT_04" time="184.932"/>
</testsuite> <!-- Tickets.AssignTicket -->
