<?xml version="1.0" encoding="UTF-8"?>
<!-- Generated by org.testng.reporters.JUnitXMLReporter -->
<testsuite ignored="6" hostname="RUSHIKESHBIRADAR-MG" failures="0" tests="1" name="Default test(failed)" time="129.12" errors="0" timestamp="2025-08-01T15:53:38 IST">
  <testcase classname="PAT.AddReading" name="TC_PAT_07_PerformPATWith_AttachImage_FailStatus" time="35.945"/>
  <testcase classname="PAT.AddReading" name="TC_PAT_02_SearchPAT_OnUpcomingListing" time="0.0">
    <ignored/>
  </testcase> <!-- TC_PAT_02_SearchPAT_OnUpcomingListing -->
  <testcase classname="PAT.AddReading" name="TC_PAT_01_SearchPAT_OnTodaysListing" time="0.0">
    <ignored/>
  </testcase> <!-- TC_PAT_01_SearchPAT_OnTodaysListing -->
  <testcase classname="PAT.AddReading" name="TC_PAT_06_PerformPATWith_AttachImage_PassStatus" time="0.0">
    <ignored/>
  </testcase> <!-- TC_PAT_06_PerformPATWith_AttachImage_PassStatus -->
  <testcase classname="PAT.AddReading" name="TC_PAT_03_VerifyUpcomingPATDetails" time="0.0">
    <ignored/>
  </testcase> <!-- TC_PAT_03_VerifyUpcomingPATDetails -->
  <testcase classname="PAT.AddReading" name="TC_PAT_04_PerformPATWithPassResult" time="0.0">
    <ignored/>
  </testcase> <!-- TC_PAT_04_PerformPATWithPassResult -->
  <testcase classname="PAT.AddReading" name="TC_PAT_05_PerformPATWithFailResult" time="0.0">
    <ignored/>
  </testcase> <!-- TC_PAT_05_PerformPATWithFailResult -->
</testsuite> <!-- Default test(failed) -->
